d:\projects\visualstudio_2013\objectdetection\objectdetection\x64\debug\vc120.pdb
d:\projects\visualstudio_2013\objectdetection\objectdetection\x64\debug\vc120.idb
d:\projects\visualstudio_2013\objectdetection\objectdetection\x64\debug\convshape.obj
d:\projects\visualstudio_2013\objectdetection\objectdetection\x64\debug\err.obj
d:\projects\visualstudio_2013\objectdetection\objectdetection\x64\debug\eyedet.obj
d:\projects\visualstudio_2013\objectdetection\objectdetection\x64\debug\eyedist.obj
d:\projects\visualstudio_2013\objectdetection\objectdetection\x64\debug\faceroi.obj
d:\projects\visualstudio_2013\objectdetection\objectdetection\x64\debug\hat.obj
d:\projects\visualstudio_2013\objectdetection\objectdetection\x64\debug\hatdesc.obj
d:\projects\visualstudio_2013\objectdetection\objectdetection\x64\debug\landmarks.obj
d:\projects\visualstudio_2013\objectdetection\objectdetection\x64\debug\misc.obj
d:\projects\visualstudio_2013\objectdetection\objectdetection\x64\debug\facedet.obj
d:\projects\visualstudio_2013\objectdetection\objectdetection\x64\debug\initasm.obj
d:\projects\visualstudio_2013\objectdetection\objectdetection\x64\debug\pinstart.obj
d:\projects\visualstudio_2013\objectdetection\objectdetection\x64\debug\print.obj
d:\projects\visualstudio_2013\objectdetection\objectdetection\x64\debug\shape17.obj
d:\projects\visualstudio_2013\objectdetection\objectdetection\x64\debug\shapehacks.obj
d:\projects\visualstudio_2013\objectdetection\objectdetection\x64\debug\shapemod.obj
d:\projects\visualstudio_2013\objectdetection\objectdetection\x64\debug\startshape.obj
d:\projects\visualstudio_2013\objectdetection\objectdetection\x64\debug\stasm.obj
d:\projects\visualstudio_2013\objectdetection\objectdetection\x64\debug\stasm_lib.obj
d:\projects\visualstudio_2013\objectdetection\objectdetection\x64\debug\svmclassifier.obj
d:\projects\visualstudio_2013\objectdetection\objectdetection\x64\debug\asm.obj
d:\projects\visualstudio_2013\objectdetection\objectdetection\x64\debug\classicdesc.obj
d:\projects\visualstudio_2013\objectdetection\objectdetection\x64\debug\minimal.obj
d:\projects\visualstudio_2013\objectdetection\x64\debug\objectdetection.ilk
d:\projects\visualstudio_2013\objectdetection\x64\debug\objectdetection.exe
d:\projects\visualstudio_2013\objectdetection\x64\debug\objectdetection.pdb
d:\projects\visualstudio_2013\objectdetection\objectdetection\x64\debug\objectdetection.tlog\cl.command.1.tlog
d:\projects\visualstudio_2013\objectdetection\objectdetection\x64\debug\objectdetection.tlog\cl.read.1.tlog
d:\projects\visualstudio_2013\objectdetection\objectdetection\x64\debug\objectdetection.tlog\cl.write.1.tlog
d:\projects\visualstudio_2013\objectdetection\objectdetection\x64\debug\objectdetection.tlog\link.command.1.tlog
d:\projects\visualstudio_2013\objectdetection\objectdetection\x64\debug\objectdetection.tlog\link.read.1.tlog
d:\projects\visualstudio_2013\objectdetection\objectdetection\x64\debug\objectdetection.tlog\link.write.1.tlog
