Build started 5/7/2016 5:22:44 PM.
     1>Project "D:\Projects\VisualStudio_2013\ObjectDetection\ObjectDetection\ObjectDetection.vcxproj" on node 2 (Build target(s)).
     1>ClCompile:
         C:\Program Files (x86)\Microsoft Visual Studio 12.0\VC\bin\CL.exe /c /IC:\Users\jk\Downloads\stasm4.1.0\stasm4.1.0\stasm /IC:\Users\jk\Downloads\opencv\build\include /ZI /nologo /W3 /WX- /sdl /Od /Oy- /D WIN32 /D _DEBUG /D _CONSOLE /D _LIB /D _UNICODE /D UNICODE /Gm /EHsc /RTC1 /MDd /GS /fp:precise /Zc:wchar_t /Zc:forScope /Fo"Debug\\" /Fd"Debug\vc120.pdb" /Gd /TP /analyze- /errorReport:prompt C:\Users\jk\Downloads\stasm4.1.0\stasm4.1.0\stasm\asm.cpp C:\Users\jk\Downloads\stasm4.1.0\stasm4.1.0\stasm\classicdesc.cpp C:\Users\jk\Downloads\stasm4.1.0\stasm4.1.0\stasm\convshape.cpp C:\Users\jk\Downloads\stasm4.1.0\stasm4.1.0\stasm\err.cpp C:\Users\jk\Downloads\stasm4.1.0\stasm4.1.0\stasm\eyedet.cpp C:\Users\jk\Downloads\stasm4.1.0\stasm4.1.0\stasm\eyedist.cpp C:\Users\jk\Downloads\stasm4.1.0\stasm4.1.0\stasm\faceroi.cpp C:\Users\jk\Downloads\stasm4.1.0\stasm4.1.0\stasm\hat.cpp C:\Users\jk\Downloads\stasm4.1.0\stasm4.1.0\stasm\hatdesc.cpp C:\Users\jk\Downloads\stasm4.1.0\stasm4.1.0\stasm\landmarks.cpp C:\Users\jk\Downloads\stasm4.1.0\stasm4.1.0\stasm\misc.cpp C:\Users\jk\Downloads\stasm4.1.0\stasm4.1.0\stasm\MOD_1\facedet.cpp C:\Users\jk\Downloads\stasm4.1.0\stasm4.1.0\stasm\MOD_1\initasm.cpp C:\Users\jk\Downloads\stasm4.1.0\stasm4.1.0\stasm\pinstart.cpp C:\Users\jk\Downloads\stasm4.1.0\stasm4.1.0\stasm\print.cpp C:\Users\jk\Downloads\stasm4.1.0\stasm4.1.0\stasm\shape17.cpp C:\Users\jk\Downloads\stasm4.1.0\stasm4.1.0\stasm\shapehacks.cpp C:\Users\jk\Downloads\stasm4.1.0\stasm4.1.0\stasm\shapemod.cpp C:\Users\jk\Downloads\stasm4.1.0\stasm4.1.0\stasm\startshape.cpp C:\Users\jk\Downloads\stasm4.1.0\stasm4.1.0\stasm\stasm.cpp C:\Users\jk\Downloads\stasm4.1.0\stasm4.1.0\stasm\stasm_lib.cpp Source.cpp
         Source.cpp
         stasm_lib.cpp
         stasm.cpp
         startshape.cpp
         shapemod.cpp
         shapehacks.cpp
         shape17.cpp
         print.cpp
         pinstart.cpp
         initasm.cpp
         facedet.cpp
         misc.cpp
         landmarks.cpp
         hatdesc.cpp
         hat.cpp
         faceroi.cpp
         eyedist.cpp
         eyedet.cpp
         err.cpp
         convshape.cpp
         Generating Code...
         Compiling...
         classicdesc.cpp
         asm.cpp
         Generating Code...
       Link:
         C:\Program Files (x86)\Microsoft Visual Studio 12.0\VC\bin\link.exe /ERRORREPORT:PROMPT /OUT:"D:\Projects\VisualStudio_2013\ObjectDetection\Debug\ObjectDetection.exe" /INCREMENTAL /NOLOGO /LIBPATH:C:\Users\jk\Downloads\opencv\build\include /LIBPATH:C:\Users\jk\Downloads\stasm4.1.0\stasm4.1.0\stasm opencv_calib3d2411d.lib opencv_contrib2411d.lib opencv_core2411d.lib opencv_features2d2411d.lib opencv_flann2411d.lib opencv_gpu2411d.lib opencv_highgui2411d.lib opencv_imgproc2411d.lib opencv_legacy2411d.lib opencv_ml2411d.lib opencv_nonfree2411d.lib opencv_objdetect2411d.lib opencv_ocl2411d.lib opencv_photo2411d.lib opencv_stitching2411d.lib opencv_superres2411d.lib opencv_ts2411d.lib opencv_video2411d.lib opencv_videostab2411d.lib kernel32.lib user32.lib gdi32.lib winspool.lib comdlg32.lib advapi32.lib shell32.lib ole32.lib oleaut32.lib uuid.lib odbc32.lib odbccp32.lib /MANIFEST /MANIFESTUAC:"level='asInvoker' uiAccess='false'" /manifest:embed /DEBUG /PDB:"D:\Projects\VisualStudio_2013\ObjectDetection\Debug\ObjectDetection.pdb" /SUBSYSTEM:CONSOLE /TLBID:1 /DYNAMICBASE /NXCOMPAT /IMPLIB:"D:\Projects\VisualStudio_2013\ObjectDetection\Debug\ObjectDetection.lib" /MACHINE:X86 Debug\asm.obj
         Debug\classicdesc.obj
         Debug\convshape.obj
         Debug\err.obj
         Debug\eyedet.obj
         Debug\eyedist.obj
         Debug\faceroi.obj
         Debug\hat.obj
         Debug\hatdesc.obj
         Debug\landmarks.obj
         Debug\misc.obj
         Debug\facedet.obj
         Debug\initasm.obj
         Debug\pinstart.obj
         Debug\print.obj
         Debug\shape17.obj
         Debug\shapehacks.obj
         Debug\shapemod.obj
         Debug\startshape.obj
         Debug\stasm.obj
         Debug\stasm_lib.obj
         Debug\Source.obj
     1>opencv_highgui2411d.lib(opencv_highgui2411d.dll) : fatal error LNK1112: module machine type 'x64' conflicts with target machine type 'X86'
     1>Done Building Project "D:\Projects\VisualStudio_2013\ObjectDetection\ObjectDetection\ObjectDetection.vcxproj" (Build target(s)) -- FAILED.

Build FAILED.

Time Elapsed 00:00:31.35
