d:\projects\visualstudio_2013\objectdetection\objectdetection\debug\vc120.pdb
d:\projects\visualstudio_2013\objectdetection\objectdetection\debug\vc120.idb
d:\projects\visualstudio_2013\objectdetection\objectdetection\debug\convshape.obj
d:\projects\visualstudio_2013\objectdetection\objectdetection\debug\err.obj
d:\projects\visualstudio_2013\objectdetection\objectdetection\debug\eyedet.obj
d:\projects\visualstudio_2013\objectdetection\objectdetection\debug\eyedist.obj
d:\projects\visualstudio_2013\objectdetection\objectdetection\debug\faceroi.obj
d:\projects\visualstudio_2013\objectdetection\objectdetection\debug\hat.obj
d:\projects\visualstudio_2013\objectdetection\objectdetection\debug\hatdesc.obj
d:\projects\visualstudio_2013\objectdetection\objectdetection\debug\landmarks.obj
d:\projects\visualstudio_2013\objectdetection\objectdetection\debug\misc.obj
d:\projects\visualstudio_2013\objectdetection\objectdetection\debug\facedet.obj
d:\projects\visualstudio_2013\objectdetection\objectdetection\debug\initasm.obj
d:\projects\visualstudio_2013\objectdetection\objectdetection\debug\pinstart.obj
d:\projects\visualstudio_2013\objectdetection\objectdetection\debug\print.obj
d:\projects\visualstudio_2013\objectdetection\objectdetection\debug\shape17.obj
d:\projects\visualstudio_2013\objectdetection\objectdetection\debug\shapehacks.obj
d:\projects\visualstudio_2013\objectdetection\objectdetection\debug\shapemod.obj
d:\projects\visualstudio_2013\objectdetection\objectdetection\debug\startshape.obj
d:\projects\visualstudio_2013\objectdetection\objectdetection\debug\stasm.obj
d:\projects\visualstudio_2013\objectdetection\objectdetection\debug\stasm_lib.obj
d:\projects\visualstudio_2013\objectdetection\objectdetection\debug\source.obj
d:\projects\visualstudio_2013\objectdetection\objectdetection\debug\asm.obj
d:\projects\visualstudio_2013\objectdetection\objectdetection\debug\classicdesc.obj
d:\projects\visualstudio_2013\objectdetection\objectdetection\debug\objectdetection.tlog\cl.command.1.tlog
d:\projects\visualstudio_2013\objectdetection\objectdetection\debug\objectdetection.tlog\cl.read.1.tlog
d:\projects\visualstudio_2013\objectdetection\objectdetection\debug\objectdetection.tlog\cl.write.1.tlog
d:\projects\visualstudio_2013\objectdetection\objectdetection\debug\objectdetection.tlog\link.command.1.tlog
d:\projects\visualstudio_2013\objectdetection\objectdetection\debug\objectdetection.tlog\link.read.1.tlog
d:\projects\visualstudio_2013\objectdetection\objectdetection\debug\objectdetection.tlog\link.write.1.tlog
